<?xml version="1.0" encoding="UTF-8"?>
<testng-results skipped="0" failed="0" ignored="0" total="1" passed="1">
  <reporter-output>
  </reporter-output>
  <suite name="Default Suite" duration-ms="81392" started-at="2019-10-03T07:52:59Z" finished-at="2019-10-03T07:54:21Z">
    <groups>
    </groups>
    <test name="JeenieMobileAutomation" duration-ms="81392" started-at="2019-10-03T07:52:59Z" finished-at="2019-10-03T07:54:21Z">
      <class name="TestCases.JeenieTestOne">
        <test-method status="PASS" signature="testDriver()[pri:0, instance:TestCases.JeenieTestOne@7995092a]" name="testDriver" is-config="true" duration-ms="80083" started-at="2019-10-03T07:52:59Z" finished-at="2019-10-03T07:54:19Z">
          <reporter-output>
          </reporter-output>
        </test-method> <!-- testDriver -->
        <test-method status="PASS" signature="Test1()[pri:0, instance:TestCases.JeenieTestOne@7995092a]" name="Test1" duration-ms="0" started-at="2019-10-03T07:54:19Z" finished-at="2019-10-03T07:54:19Z">
          <reporter-output>
          </reporter-output>
        </test-method> <!-- Test1 -->
        <test-method status="PASS" signature="Test2()[pri:0, instance:TestCases.JeenieTestOne@7995092a]" name="Test2" is-config="true" duration-ms="1264" started-at="2019-10-03T07:54:19Z" finished-at="2019-10-03T07:54:21Z">
          <reporter-output>
          </reporter-output>
        </test-method> <!-- Test2 -->
      </class> <!-- TestCases.JeenieTestOne -->
    </test> <!-- JeenieMobileAutomation -->
  </suite> <!-- Default Suite -->
</testng-results>
